<?xml version="1.0" encoding="UTF-8"?>
<!-- Generated by org.testng.reporters.JUnitReportReporter -->
<testsuite skipped="0" hostname="Pravins-MacBook-Pro.local" name="cucumber.TestRunners" tests="1" failures="0" timestamp="2023-03-25T11:28:22 IST" time="3.239" errors="0">
  <testcase name="runScenario" time="3.239" classname="cucumber.TestRunners"/>
  <system-out/>
</testsuite> <!-- cucumber.TestRunners -->
